<?xml version="1.0" encoding="UTF-8"?>
<testsuite xmlns:xsi="http://www.w3.org/2001/XMLSchema-instance" xsi:noNamespaceSchemaLocation="https://maven.apache.org/surefire/maven-surefire-plugin/xsd/surefire-test-report.xsd" version="3.0.2" name="com.example.practice.AppointmentTest" time="0.06" tests="3" errors="0" skipped="0" failures="0">
  <properties>
[...]
</properties>
  <testcase name="shouldFollowNormalAppointmentStatusFlow" classname="com.example.practice.AppointmentTest" time="0.024">
    <system-out><![CDATA[[正常场景] 预约状态从待确认依次流转为已确认和已完成
]]></system-out>
  </testcase>
  <testcase name="shouldRejectUnavailableDoctor" classname="com.example.practice.AppointmentTest" time="0.003">
    <system-out><![CDATA[[异常或非法输入] 为不可接诊的医生创建预约时抛出异常
]]></system-out>
  </testcase>
  <testcase name="shouldRejectCompletingUnconfirmedAppointment" classname="com.example.practice.AppointmentTest" time="0.002">
    <system-out><![CDATA[[异常或非法输入] 未确认的预约直接完成时抛出异常
]]></system-out>
  </testcase>
</testsuite>